Flutter crash report.
Please report a bug at https://github.com/flutter/flutter/issues.

## command

flutter run --machine --start-paused -d emulator-5554 --devtools-server-address http://127.0.0.1:9102/ --target /Users/lephuoc/Downloads/TTTN-main/customer_app_multistore/lib/main.dart

## exception

SocketException: SocketException: Connection refused (OS Error: Connection refused, errno = 61), address = 127.0.0.1, port = 59342

```
#0      _NativeSocket.startConnect (dart:io-patch/socket_patch.dart:721:35)
#1      _RawSocket.startConnect (dart:io-patch/socket_patch.dart:1914:26)
#2      RawSocket.startConnect (dart:io-patch/socket_patch.dart:27:23)
#3      Socket._startConnect (dart:io-patch/socket_patch.dart:2138:22)
#4      Socket.startConnect (dart:io/socket.dart:805:21)
#5      _ConnectionTarget.connect (dart:_http/http_impl.dart:2487:20)
#6      _HttpClient._getConnection.connect (dart:_http/http_impl.dart:2926:12)
#7      _HttpClient._getConnection (dart:_http/http_impl.dart:2931:12)
#8      _HttpClient._openUrl (dart:_http/http_impl.dart:2786:12)
#9      _HttpClient.openUrl (dart:_http/http_impl.dart:2623:7)
#10     _WebSocketImpl.connect (dart:_http/websocket_impl.dart:1021:42)
#11     WebSocket.connect (dart:_http/websocket.dart:320:22)
#12     new IOWebSocketChannel.connect (package:web_socket_channel/io.dart:81:28)
#13     connect (package:web_socket_channel/src/_connect_io.dart:15:24)
#14     new WebSocketChannel.connect (package:web_socket_channel/src/channel.dart:144:16)
#15     _defaultWebSocketBuilder (package:dds/src/dds_impl.dart:52:27)
#16     DartDevelopmentServiceImpl.startService (package:dds/src/dds_impl.dart:80:40)
#17     DartDevelopmentService.startDartDevelopmentService (package:dds/dds.dart:97:19)
<asynchronous suspension>
#18     DartDevelopmentService.startDartDevelopmentService (package:flutter_tools/src/base/dds.dart:55:22)
<asynchronous suspension>
#19     FlutterDevice.connect.<anonymous closure> (package:flutter_tools/src/resident_runner.dart:296:11)
<asynchronous suspension>
```

## flutter doctor

```
[!] Flutter (Channel stable, 3.19.3, on macOS 14.4.1 23E224 darwin-arm64, locale vi-VN)
    • Flutter version 3.19.3 on channel stable at /Users/lephuoc/development/flutter
    ! Warning: `dart` on your path resolves to /opt/homebrew/Cellar/dart@2.12/2.12.4/libexec/bin/dart, which is not inside your current Flutter SDK checkout at /Users/lephuoc/development/flutter. Consider adding /Users/lephuoc/development/flutter/bin to the front of your path.
    • Upstream repository https://github.com/flutter/flutter.git
    • Framework revision ba39319843 (4 weeks ago), 2024-03-07 15:22:21 -0600
    • Engine revision 2e4ba9c6fb
    • Dart version 3.3.1
    • DevTools version 2.31.1
    • If those were intentional, you can disregard the above warnings; however it is recommended to use "git" directly to perform update checks and upgrades.

[✓] Android toolchain - develop for Android devices (Android SDK version 34.0.0)
    • Android SDK at /Users/lephuoc/Library/Android/sdk
    • Platform android-34, build-tools 34.0.0
    • Java binary at: /Applications/Android Studio.app/Contents/jbr/Contents/Home/bin/java
    • Java version OpenJDK Runtime Environment (build 17.0.6+0-17.0.6b829.9-10027231)
    • All Android licenses accepted.

[✓] Xcode - develop for iOS and macOS (Xcode 15.0.1)
    • Xcode at /Applications/Xcode.app/Contents/Developer
    • Build 15A507
    • CocoaPods version 1.14.2

[✓] Chrome - develop for the web
    • Chrome at /Applications/Google Chrome.app/Contents/MacOS/Google Chrome

[✓] Android Studio (version 2022.3)
    • Android Studio at /Applications/Android Studio.app/Contents
    • Flutter plugin can be installed from:
      🔨 https://plugins.jetbrains.com/plugin/9212-flutter
    • Dart plugin can be installed from:
      🔨 https://plugins.jetbrains.com/plugin/6351-dart
    • Java version OpenJDK Runtime Environment (build 17.0.6+0-17.0.6b829.9-10027231)

[✓] VS Code (version 1.87.2)
    • VS Code at /Applications/Visual Studio Code.app/Contents
    • Flutter extension version 3.86.0

[✓] Connected device (3 available)
    • sdk gphone64 arm64 (mobile) • emulator-5554 • android-arm64  • Android 14 (API 34) (emulator)
    • macOS (desktop)             • macos         • darwin-arm64   • macOS 14.4.1 23E224 darwin-arm64
    • Chrome (web)                • chrome        • web-javascript • Google Chrome 123.0.6312.106

[✓] Network resources
    • All expected network resources are available.

! Doctor found issues in 1 category.
```
